<?xml version="1.0" encoding="UTF-8" standalone="no"?>
<testsuite errors="0" failures="0" name="io.cucumber.core.plugin.JUnitFormatter" skipped="0" tests="2" time="0.328">
    <testcase classname="check login functionality" name="check logout link" time="0.05">
        <system-out>
            <![CDATA[Given user is logged in.....................................................passed
When user enters username and password......................................passed
And clicks on login button..................................................passed
Then user is navigated to the homepage......................................passed
When user clicks on welcome link............................................passed
Then logout link is displayed...............................................passed
]]>
        </system-out>
    </testcase>
    <testcase classname="check login functionality" name="verify quick lauch toolbar is present" time="0.006">
        <system-out>
            <![CDATA[Given user is logged in.....................................................passed
When user enters username and password......................................passed
And clicks on login button..................................................passed
Then user is navigated to the homepage......................................passed
When user click on dashboard link...........................................passed
Then quick launch toolbar is displayed......................................passed
]]>
        </system-out>
    </testcase>
</testsuite>
